Using pre-set license
Built from '2020.3/staging' branch; Version is '2020.3.21f1 (a38c86f6690f) revision 10718342'; Using compiler version '192528614'; Build Type 'Release'
OS: 'Windows 10 Pro; OS build 19043.1526; Version 2009; 64bit' Language: 'pt' Physical Memory: 16272 MB
BatchMode: 1, IsHumanControllingUs: 0, StartBugReporterOnCrash: 0, Is64bit: 1, IsPro: 0

COMMAND LINE ARGUMENTS:
C:\Program Files\Unity\Hub\Editor\2020.3.21f1\Editor\Unity.exe
-adb2
-batchMode
-noUpm
-name
AssetImportWorker0
-projectPath
C:/Users/prodeb/EducHome
-logFile
Logs/AssetImportWorker0.log
-srvPort
52166
Successfully changed project path to: C:/Users/prodeb/EducHome
C:/Users/prodeb/EducHome
Using Asset Import Pipeline V2.
Refreshing native plugins compatible for Editor in 91.21 ms, found 3 plugins.
Preloading 0 native plugins for Editor in 0.00 ms.
Initialize engine version: 2020.3.21f1 (a38c86f6690f)
[Subsystems] Discovering subsystems at path C:/Program Files/Unity/Hub/Editor/2020.3.21f1/Editor/Data/Resources/UnitySubsystems
[Subsystems] Discovering subsystems at path C:/Users/prodeb/EducHome/Assets
GfxDevice: creating device client; threaded=0
Direct3D:
    Version:  Direct3D 11.0 [level 10.1]
    Renderer: Intel(R) HD Graphics (ID=0x102)
    Vendor:   
    VRAM:     128 MB
    Driver:   9.17.10.4459
Initialize mono
Mono path[0] = 'C:/Program Files/Unity/Hub/Editor/2020.3.21f1/Editor/Data/Managed'
Mono path[1] = 'C:/Program Files/Unity/Hub/Editor/2020.3.21f1/Editor/Data/MonoBleedingEdge/lib/mono/unityjit'
Mono config path = 'C:/Program Files/Unity/Hub/Editor/2020.3.21f1/Editor/Data/MonoBleedingEdge/etc'
Using monoOptions --debugger-agent=transport=dt_socket,embedding=1,server=y,suspend=n,address=127.0.0.1:56012
Begin MonoManager ReloadAssembly
Registering precompiled unity dll's ...
Register platform support module: C:/Program Files/Unity/Hub/Editor/2020.3.21f1/Editor/Data/PlaybackEngines/WindowsStandaloneSupport/UnityEditor.WindowsStandalone.Extensions.dll
Registered in 0.003673 seconds.
Native extension for WindowsStandalone target not found
Refreshing native plugins compatible for Editor in 78.68 ms, found 3 plugins.
Preloading 0 native plugins for Editor in 0.00 ms.
Mono: successfully reloaded assembly
- Completed reload, in  2.778 seconds
Domain Reload Profiling:
	ReloadAssembly (2778ms)
		BeginReloadAssembly (80ms)
			ExecutionOrderSort (0ms)
			DisableScriptedObjects (0ms)
			BackupInstance (0ms)
			ReleaseScriptingObjects (0ms)
			CreateAndSetChildDomain (1ms)
		EndReloadAssembly (636ms)
			LoadAssemblies (76ms)
			RebuildTransferFunctionScriptingTraits (0ms)
			SetupTypeCache (207ms)
			ReleaseScriptCaches (0ms)
			RebuildScriptCaches (41ms)
			SetupLoadedEditorAssemblies (251ms)
				LogAssemblyErrors (0ms)
				InitializePlatformSupportModulesInManaged (5ms)
				SetLoadedEditorAssemblies (0ms)
				RefreshPlugins (79ms)
				BeforeProcessingInitializeOnLoad (12ms)
				ProcessInitializeOnLoadAttributes (112ms)
				ProcessInitializeOnLoadMethodAttributes (42ms)
				AfterProcessingInitializeOnLoad (0ms)
				EditorAssembliesLoaded (0ms)
			ExecutionOrderSort2 (0ms)
			AwakeInstancesAfterBackupRestoration (0ms)
Platform modules already initialized, skipping
Registering precompiled user dll's ...
Registered in 0.007963 seconds.
Begin MonoManager ReloadAssembly
Native extension for WindowsStandalone target not found
Refreshing native plugins compatible for Editor in 79.30 ms, found 3 plugins.
Preloading 0 native plugins for Editor in 0.00 ms.
Mono: successfully reloaded assembly
- Completed reload, in  1.671 seconds
Domain Reload Profiling:
	ReloadAssembly (1672ms)
		BeginReloadAssembly (223ms)
			ExecutionOrderSort (0ms)
			DisableScriptedObjects (11ms)
			BackupInstance (0ms)
			ReleaseScriptingObjects (0ms)
			CreateAndSetChildDomain (25ms)
		EndReloadAssembly (1349ms)
			LoadAssemblies (132ms)
			RebuildTransferFunctionScriptingTraits (0ms)
			SetupTypeCache (457ms)
			ReleaseScriptCaches (1ms)
			RebuildScriptCaches (86ms)
			SetupLoadedEditorAssemblies (506ms)
				LogAssemblyErrors (0ms)
				InitializePlatformSupportModulesInManaged (5ms)
				SetLoadedEditorAssemblies (0ms)
				RefreshPlugins (79ms)
				BeforeProcessingInitializeOnLoad (103ms)
				ProcessInitializeOnLoadAttributes (281ms)
				ProcessInitializeOnLoadMethodAttributes (24ms)
				AfterProcessingInitializeOnLoad (13ms)
				EditorAssembliesLoaded (0ms)
			ExecutionOrderSort2 (0ms)
			AwakeInstancesAfterBackupRestoration (10ms)
Platform modules already initialized, skipping
========================================================================
Worker process is ready to serve import requests
Launched and connected shader compiler UnityShaderCompiler.exe after 0.24 seconds
Refreshing native plugins compatible for Editor in 0.86 ms, found 3 plugins.
Preloading 0 native plugins for Editor in 0.00 ms.
Unloading 2385 Unused Serialized files (Serialized files now loaded: 0)
System memory in use before: 106.8 MB.
System memory in use after: 107.0 MB.

Unloading 28 unused Assets to reduce memory usage. Loaded Objects now: 2823.
Total: 4.428300 ms (FindLiveObjects: 0.284500 ms CreateObjectMapping: 0.157400 ms MarkObjects: 3.836500 ms  DeleteObjects: 0.148000 ms)

AssetImportParameters requested are different than current active one (requested -> active):
  custom:framework-win-MediaFoundation: 216162199b28c13a410421893ffa2e32 -> 
  custom:video-decoder-ogg-theora: a1e56fd34408186e4bbccfd4996cb3dc -> 
  custom:container-muxer-webm: aa71ff27fc2769a1b78a27578f13a17b -> 
  custom:container-demuxer-webm: 4f35f7cbe854078d1ac9338744f61a02 -> 
  custom:container-demuxer-ogg: 62fdf1f143b41e24485cea50d1cbac27 -> 
  custom:video-encoder-webm-vp8: eb34c28f22e8b96e1ab97ce403110664 -> 
  custom:video-decoder-webm-vp8: 9c59270c3fd7afecdb556c50c9e8de78 -> 
  custom:audio-decoder-ogg-vorbis: bf7c407c2cedff20999df2af8eb42d56 -> 
  custom:audio-encoder-webm-vorbis: bf7c407c2cedff20999df2af8eb42d56 -> 
========================================================================
Received Import Request.
  path: Assets/Design/informcacao.png
  artifactKey: Guid(e13c25bada9fd344d88eebbc78c13ea2) Importer(815301076,1909f56bfc062723c751e8b465ee728b)
Start importing Assets/Design/informcacao.png using Guid(e13c25bada9fd344d88eebbc78c13ea2) Importer(815301076,1909f56bfc062723c751e8b465ee728b)  -> (artifact id: '677873511b0fc3e2de13210227cb16f3') in 0.232934 seconds 
  Import took 0.237409 seconds .

========================================================================
Received Import Request.
  Time since last request: 0.000402 seconds.
  path: Assets/Fonts/VIP-Arabic-Typo.otf
  artifactKey: Guid(30cc8e0ecfe1a4d40aa03baeec3707ac) Importer(815301076,1909f56bfc062723c751e8b465ee728b)
Start importing Assets/Fonts/VIP-Arabic-Typo.otf using Guid(30cc8e0ecfe1a4d40aa03baeec3707ac) Importer(815301076,1909f56bfc062723c751e8b465ee728b)  -> (artifact id: '2a49de63b43e04708d53434c25b31291') in 0.265417 seconds 
  Import took 0.269641 seconds .

========================================================================
Received Import Request.
  Time since last request: 0.000389 seconds.
  path: Assets/Design/iniciar.png
  artifactKey: Guid(155aa21955e1f6b4fbcdba17f8aed092) Importer(815301076,1909f56bfc062723c751e8b465ee728b)
Start importing Assets/Design/iniciar.png using Guid(155aa21955e1f6b4fbcdba17f8aed092) Importer(815301076,1909f56bfc062723c751e8b465ee728b)  -> (artifact id: '35c5094ca38481506f93dd252ba976c8') in 0.078734 seconds 
  Import took 0.083223 seconds .

========================================================================
Received Import Request.
  Time since last request: 0.000340 seconds.
  path: Assets/Design/instrucoes3.png
  artifactKey: Guid(06a4293691fba99429e4df9049576ae5) Importer(815301076,1909f56bfc062723c751e8b465ee728b)
Start importing Assets/Design/instrucoes3.png using Guid(06a4293691fba99429e4df9049576ae5) Importer(815301076,1909f56bfc062723c751e8b465ee728b)  -> (artifact id: '5f5d96f95ae7238f2f09009bb38360a3') in 0.043122 seconds 
  Import took 0.047266 seconds .

========================================================================
Received Import Request.
  Time since last request: 0.000316 seconds.
  path: Assets/_/TextMesh Pro/Sprites/EmojiOne.png
  artifactKey: Guid(dffef66376be4fa480fb02b19edbe903) Importer(815301076,1909f56bfc062723c751e8b465ee728b)
Start importing Assets/_/TextMesh Pro/Sprites/EmojiOne.png using Guid(dffef66376be4fa480fb02b19edbe903) Importer(815301076,1909f56bfc062723c751e8b465ee728b)  -> (artifact id: 'a62016e55adff3021c241f761a1a63ad') in 0.021416 seconds 
  Import took 0.025386 seconds .

========================================================================
Received Import Request.
  Time since last request: 0.000335 seconds.
  path: Assets/Design/completou_itens.png
  artifactKey: Guid(d8cefff7b1f9f754b90399c0823059b5) Importer(815301076,1909f56bfc062723c751e8b465ee728b)
Start importing Assets/Design/completou_itens.png using Guid(d8cefff7b1f9f754b90399c0823059b5) Importer(815301076,1909f56bfc062723c751e8b465ee728b)  -> (artifact id: 'f45c199525a438dc92fd18c21c2fbee3') in 0.053234 seconds 
  Import took 0.058879 seconds .

========================================================================
Received Import Request.
  Time since last request: 36.602540 seconds.
  path: Assets/Scenes/Menu.unity
  artifactKey: Guid(b683eb8fd86d3534cbfe6f0f44088df1) Importer(815301076,1909f56bfc062723c751e8b465ee728b)
Start importing Assets/Scenes/Menu.unity using Guid(b683eb8fd86d3534cbfe6f0f44088df1) Importer(815301076,1909f56bfc062723c751e8b465ee728b)  -> (artifact id: '550bca40ec404ed1f9785e53d8438003') in 0.009363 seconds 
  Import took 0.014079 seconds .

========================================================================
Received Import Request.
  Time since last request: 238.153207 seconds.
  path: Assets/_/TextMesh Pro/Resources/Fonts & Materials/LiberationSans SDF.asset
  artifactKey: Guid(8f586378b4e144a9851e7b34d9b748ee) Importer(815301076,1909f56bfc062723c751e8b465ee728b)
Start importing Assets/_/TextMesh Pro/Resources/Fonts & Materials/LiberationSans SDF.asset using Guid(8f586378b4e144a9851e7b34d9b748ee) Importer(815301076,1909f56bfc062723c751e8b465ee728b)  -> (artifact id: '9b515f62b77b9fe6bfdbe30a8b2ce9db') in 0.103512 seconds 
  Import took 0.108952 seconds .

========================================================================
Received Import Request.
  Time since last request: 1.012370 seconds.
  path: Assets/Design/quarto/quarto.jpg
  artifactKey: Guid(a7eb9ae82c0584a4e8b780180cfb17bd) Importer(815301076,1909f56bfc062723c751e8b465ee728b)
Start importing Assets/Design/quarto/quarto.jpg using Guid(a7eb9ae82c0584a4e8b780180cfb17bd) Importer(815301076,1909f56bfc062723c751e8b465ee728b)  -> (artifact id: 'f5c95452eb6e288a31c816700f5128dd') in 0.042844 seconds 
  Import took 0.047767 seconds .

========================================================================
Received Import Request.
  Time since last request: 0.171752 seconds.
  path: Assets/Design/sair.png
  artifactKey: Guid(524807846b7af5d4e835cfb94240ce42) Importer(815301076,1909f56bfc062723c751e8b465ee728b)
Start importing Assets/Design/sair.png using Guid(524807846b7af5d4e835cfb94240ce42) Importer(815301076,1909f56bfc062723c751e8b465ee728b)  -> (artifact id: 'e516dd9445928b5b8a20d045b43c4706') in 0.044058 seconds 
  Import took 0.048854 seconds .

========================================================================
Received Import Request.
  Time since last request: 0.000314 seconds.
  path: Assets/Design/Seta-voltar.png
  artifactKey: Guid(7b3dfc2bd550123419ee7f9434e70dc4) Importer(815301076,1909f56bfc062723c751e8b465ee728b)
Start importing Assets/Design/Seta-voltar.png using Guid(7b3dfc2bd550123419ee7f9434e70dc4) Importer(815301076,1909f56bfc062723c751e8b465ee728b)  -> (artifact id: '204278b14d0e26af0dd5749143af846f') in 0.020642 seconds 
  Import took 0.024647 seconds .

========================================================================
Received Import Request.
  Time since last request: 334.692411 seconds.
  path: Assets/Scenes/Comodos.unity
  artifactKey: Guid(d40a5638eeceecc4c8048d7114aaf6a4) Importer(815301076,1909f56bfc062723c751e8b465ee728b)
Start importing Assets/Scenes/Comodos.unity using Guid(d40a5638eeceecc4c8048d7114aaf6a4) Importer(815301076,1909f56bfc062723c751e8b465ee728b)  -> (artifact id: 'dabe8c61e24dd055e06b66aed9d5da62') in 0.011737 seconds 
  Import took 0.016893 seconds .

========================================================================
Received Prepare
Registering precompiled user dll's ...
Registered in 0.007693 seconds.
Begin MonoManager ReloadAssembly
Native extension for WindowsStandalone target not found
Refreshing native plugins compatible for Editor in 0.90 ms, found 3 plugins.
Preloading 0 native plugins for Editor in 0.00 ms.
Mono: successfully reloaded assembly
- Completed reload, in  1.536 seconds
Domain Reload Profiling:
	ReloadAssembly (1537ms)
		BeginReloadAssembly (183ms)
			ExecutionOrderSort (0ms)
			DisableScriptedObjects (8ms)
			BackupInstance (0ms)
			ReleaseScriptingObjects (0ms)
			CreateAndSetChildDomain (67ms)
		EndReloadAssembly (1259ms)
			LoadAssemblies (155ms)
			RebuildTransferFunctionScriptingTraits (0ms)
			SetupTypeCache (452ms)
			ReleaseScriptCaches (2ms)
			RebuildScriptCaches (75ms)
			SetupLoadedEditorAssemblies (415ms)
				LogAssemblyErrors (0ms)
				InitializePlatformSupportModulesInManaged (6ms)
				SetLoadedEditorAssemblies (1ms)
				RefreshPlugins (1ms)
				BeforeProcessingInitializeOnLoad (105ms)
				ProcessInitializeOnLoadAttributes (272ms)
				ProcessInitializeOnLoadMethodAttributes (17ms)
				AfterProcessingInitializeOnLoad (13ms)
				EditorAssembliesLoaded (0ms)
			ExecutionOrderSort2 (0ms)
			AwakeInstancesAfterBackupRestoration (13ms)
Platform modules already initialized, skipping
Switching build target platform(19) subTarget(0) extendedPlatform(0) -> platform(13) subTarget(537395200) extendedPlatform(0)
Refreshing native plugins compatible for Editor in 0.96 ms, found 3 plugins.
Preloading 0 native plugins for Editor in 0.00 ms.
Unloading 2346 Unused Serialized files (Serialized files now loaded: 0)
System memory in use before: 106.4 MB.
System memory in use after: 106.6 MB.

Unloading 17 unused Assets to reduce memory usage. Loaded Objects now: 2877.
Total: 4.796300 ms (FindLiveObjects: 0.297900 ms CreateObjectMapping: 0.154600 ms MarkObjects: 4.310200 ms  DeleteObjects: 0.031500 ms)

AssetImportParameters requested are different than current active one (requested -> active):
  custom:framework-win-MediaFoundation: 216162199b28c13a410421893ffa2e32 -> 
  custom:video-decoder-ogg-theora: a1e56fd34408186e4bbccfd4996cb3dc -> 
  custom:container-muxer-webm: aa71ff27fc2769a1b78a27578f13a17b -> 
  custom:container-demuxer-webm: 4f35f7cbe854078d1ac9338744f61a02 -> 
  custom:container-demuxer-ogg: 62fdf1f143b41e24485cea50d1cbac27 -> 
  custom:video-encoder-webm-vp8: eb34c28f22e8b96e1ab97ce403110664 -> 
  custom:video-decoder-webm-vp8: 9c59270c3fd7afecdb556c50c9e8de78 -> 
  custom:graphics/normal-map-encoding: 01000000000000000000000000000000 -> 02000000000000000000000000000000
  custom:audio-decoder-ogg-vorbis: bf7c407c2cedff20999df2af8eb42d56 -> 
  custom:audio-encoder-webm-vorbis: bf7c407c2cedff20999df2af8eb42d56 -> 
========================================================================
Received Import Request.
  Time since last request: 81.279537 seconds.
  path: Assets/Scenes/quarto.unity
  artifactKey: Guid(a35bc449fdb4a1842805cb2912906cf8) Importer(815301076,1909f56bfc062723c751e8b465ee728b)
Start importing Assets/Scenes/quarto.unity using Guid(a35bc449fdb4a1842805cb2912906cf8) Importer(815301076,1909f56bfc062723c751e8b465ee728b)  -> (artifact id: 'ecc28a3787b2c315f0daa6bdeb5b1d4a') in 0.023643 seconds 
  Import took 0.029488 seconds .

========================================================================
Received Import Request.
  Time since last request: 3.951960 seconds.
  path: Assets/Scenes/Menu.unity
  artifactKey: Guid(b683eb8fd86d3534cbfe6f0f44088df1) Importer(815301076,1909f56bfc062723c751e8b465ee728b)
Start importing Assets/Scenes/Menu.unity using Guid(b683eb8fd86d3534cbfe6f0f44088df1) Importer(815301076,1909f56bfc062723c751e8b465ee728b)  -> (artifact id: '95353acda2b1d7e511097ab6eae4fae5') in 0.004562 seconds 
  Import took 0.010535 seconds .

========================================================================
Received Import Request.
  Time since last request: 6.754601 seconds.
  path: Assets/Scenes/Instrucoes.unity
  artifactKey: Guid(aa72b339a6e7067449964690d748062f) Importer(815301076,1909f56bfc062723c751e8b465ee728b)
Start importing Assets/Scenes/Instrucoes.unity using Guid(aa72b339a6e7067449964690d748062f) Importer(815301076,1909f56bfc062723c751e8b465ee728b)  -> (artifact id: '929cb6075a5ac9f39d20fb46a593f662') in 0.009728 seconds 
  Import took 0.014901 seconds .

========================================================================
Received Import Request.
  Time since last request: 1.781257 seconds.
  path: Assets/Scenes/Informacao.unity
  artifactKey: Guid(e5ccc8bebe5c0a14b9af2df2aa651ae3) Importer(815301076,1909f56bfc062723c751e8b465ee728b)
Start importing Assets/Scenes/Informacao.unity using Guid(e5ccc8bebe5c0a14b9af2df2aa651ae3) Importer(815301076,1909f56bfc062723c751e8b465ee728b)  -> (artifact id: '55d8886f948b1b0d9bbe2e5579b27798') in 0.009311 seconds 
  Import took 0.014109 seconds .

========================================================================
Received Import Request.
  Time since last request: 1.365245 seconds.
  path: Assets/Scenes/cozinha.unity
  artifactKey: Guid(816183e97e45eaf41994c11e21a01f38) Importer(815301076,1909f56bfc062723c751e8b465ee728b)
Start importing Assets/Scenes/cozinha.unity using Guid(816183e97e45eaf41994c11e21a01f38) Importer(815301076,1909f56bfc062723c751e8b465ee728b)  -> (artifact id: '838371af6016f242c454aed49ce3dd1d') in 0.011853 seconds 
  Import took 0.018284 seconds .

========================================================================
Received Import Request.
  Time since last request: 2.528652 seconds.
  path: Assets/Scenes/Comodos.unity
  artifactKey: Guid(d40a5638eeceecc4c8048d7114aaf6a4) Importer(815301076,1909f56bfc062723c751e8b465ee728b)
Start importing Assets/Scenes/Comodos.unity using Guid(d40a5638eeceecc4c8048d7114aaf6a4) Importer(815301076,1909f56bfc062723c751e8b465ee728b)  -> (artifact id: '7200927c6bcbc88287fef8f3b436beb5') in 0.004660 seconds 
  Import took 0.009879 seconds .

========================================================================
Received Prepare
Registering precompiled user dll's ...
Registered in 0.007337 seconds.
Begin MonoManager ReloadAssembly
Native extension for WindowsStandalone target not found
Refreshing native plugins compatible for Editor in 0.88 ms, found 3 plugins.
Preloading 0 native plugins for Editor in 0.00 ms.
Mono: successfully reloaded assembly
- Completed reload, in  1.546 seconds
Domain Reload Profiling:
	ReloadAssembly (1547ms)
		BeginReloadAssembly (158ms)
			ExecutionOrderSort (0ms)
			DisableScriptedObjects (9ms)
			BackupInstance (0ms)
			ReleaseScriptingObjects (0ms)
			CreateAndSetChildDomain (47ms)
		EndReloadAssembly (1278ms)
			LoadAssemblies (136ms)
			RebuildTransferFunctionScriptingTraits (0ms)
			SetupTypeCache (463ms)
			ReleaseScriptCaches (2ms)
			RebuildScriptCaches (74ms)
			SetupLoadedEditorAssemblies (421ms)
				LogAssemblyErrors (0ms)
				InitializePlatformSupportModulesInManaged (6ms)
				SetLoadedEditorAssemblies (1ms)
				RefreshPlugins (1ms)
				BeforeProcessingInitializeOnLoad (106ms)
				ProcessInitializeOnLoadAttributes (278ms)
				ProcessInitializeOnLoadMethodAttributes (16ms)
				AfterProcessingInitializeOnLoad (13ms)
				EditorAssembliesLoaded (0ms)
			ExecutionOrderSort2 (0ms)
			AwakeInstancesAfterBackupRestoration (13ms)
Platform modules already initialized, skipping
Switching build target platform(19) subTarget(0) extendedPlatform(0) -> platform(13) subTarget(537395200) extendedPlatform(0)
Refreshing native plugins compatible for Editor in 0.89 ms, found 3 plugins.
Preloading 0 native plugins for Editor in 0.00 ms.
Unloading 2346 Unused Serialized files (Serialized files now loaded: 0)
System memory in use before: 106.5 MB.
System memory in use after: 106.7 MB.

Unloading 17 unused Assets to reduce memory usage. Loaded Objects now: 2879.
Total: 4.199100 ms (FindLiveObjects: 0.305200 ms CreateObjectMapping: 0.139100 ms MarkObjects: 3.719300 ms  DeleteObjects: 0.025500 ms)

AssetImportParameters requested are different than current active one (requested -> active):
  custom:framework-win-MediaFoundation: 216162199b28c13a410421893ffa2e32 -> 
  custom:video-decoder-ogg-theora: a1e56fd34408186e4bbccfd4996cb3dc -> 
  custom:container-muxer-webm: aa71ff27fc2769a1b78a27578f13a17b -> 
  custom:container-demuxer-webm: 4f35f7cbe854078d1ac9338744f61a02 -> 
  custom:container-demuxer-ogg: 62fdf1f143b41e24485cea50d1cbac27 -> 
  custom:video-encoder-webm-vp8: eb34c28f22e8b96e1ab97ce403110664 -> 
  custom:video-decoder-webm-vp8: 9c59270c3fd7afecdb556c50c9e8de78 -> 
  custom:graphics/normal-map-encoding: 01000000000000000000000000000000 -> 02000000000000000000000000000000
  custom:audio-decoder-ogg-vorbis: bf7c407c2cedff20999df2af8eb42d56 -> 
  custom:audio-encoder-webm-vorbis: bf7c407c2cedff20999df2af8eb42d56 -> 
========================================================================
Received Import Request.
  Time since last request: 75.389558 seconds.
  path: Assets/Scenes/cozinha.unity
  artifactKey: Guid(816183e97e45eaf41994c11e21a01f38) Importer(815301076,1909f56bfc062723c751e8b465ee728b)
Start importing Assets/Scenes/cozinha.unity using Guid(816183e97e45eaf41994c11e21a01f38) Importer(815301076,1909f56bfc062723c751e8b465ee728b)  -> (artifact id: 'e607374c687bf11f196d3ad75e1ab09e') in 0.019291 seconds 
  Import took 0.024660 seconds .

========================================================================
Received Import Request.
  Time since last request: 36.469100 seconds.
  path: Assets/Scenes/Parabens.unity
  artifactKey: Guid(5d99f069f21d24941a0a23b31ac047f4) Importer(815301076,1909f56bfc062723c751e8b465ee728b)
Start importing Assets/Scenes/Parabens.unity using Guid(5d99f069f21d24941a0a23b31ac047f4) Importer(815301076,1909f56bfc062723c751e8b465ee728b)  -> (artifact id: '2aab3f63cfe777059a94c2a4548872a3') in 0.009606 seconds 
  Import took 0.016996 seconds .

========================================================================
Received Import Request.
  Time since last request: 5.824118 seconds.
  path: Assets/Scenes/sala.unity
  artifactKey: Guid(2cb1bc21560000448b5364873c4967bf) Importer(815301076,1909f56bfc062723c751e8b465ee728b)
Start importing Assets/Scenes/sala.unity using Guid(2cb1bc21560000448b5364873c4967bf) Importer(815301076,1909f56bfc062723c751e8b465ee728b)  -> (artifact id: 'dab3dc800178558546375e2299b71ac9') in 0.008520 seconds 
  Import took 0.013719 seconds .

========================================================================
Received Import Request.
  Time since last request: 12.337650 seconds.
  path: Assets/Scenes/quarto.unity
  artifactKey: Guid(a35bc449fdb4a1842805cb2912906cf8) Importer(815301076,1909f56bfc062723c751e8b465ee728b)
Start importing Assets/Scenes/quarto.unity using Guid(a35bc449fdb4a1842805cb2912906cf8) Importer(815301076,1909f56bfc062723c751e8b465ee728b)  -> (artifact id: 'f29ad29cb9c43a9c38d80b3b885b8f1f') in 0.004812 seconds 
  Import took 0.011781 seconds .

========================================================================
Received Import Request.
  Time since last request: 2.428130 seconds.
  path: Assets/Scenes/Menu.unity
  artifactKey: Guid(b683eb8fd86d3534cbfe6f0f44088df1) Importer(815301076,1909f56bfc062723c751e8b465ee728b)
Start importing Assets/Scenes/Menu.unity using Guid(b683eb8fd86d3534cbfe6f0f44088df1) Importer(815301076,1909f56bfc062723c751e8b465ee728b)  -> (artifact id: 'a0140e898482fb7827c97ed843286a6c') in 0.004229 seconds 
  Import took 0.009346 seconds .

========================================================================
Received Import Request.
  Time since last request: 1.126475 seconds.
  path: Assets/Scenes/lavanderia.unity
  artifactKey: Guid(5ae5892c24b01e443bb98cb94397013e) Importer(815301076,1909f56bfc062723c751e8b465ee728b)
Start importing Assets/Scenes/lavanderia.unity using Guid(5ae5892c24b01e443bb98cb94397013e) Importer(815301076,1909f56bfc062723c751e8b465ee728b)  -> (artifact id: '8ef5e5b73cd85971950a0e12c12c85eb') in 0.008688 seconds 
  Import took 0.014169 seconds .

========================================================================
Received Import Request.
  Time since last request: 1.370920 seconds.
  path: Assets/Scenes/Instrucoes.unity
  artifactKey: Guid(aa72b339a6e7067449964690d748062f) Importer(815301076,1909f56bfc062723c751e8b465ee728b)
Start importing Assets/Scenes/Instrucoes.unity using Guid(aa72b339a6e7067449964690d748062f) Importer(815301076,1909f56bfc062723c751e8b465ee728b)  -> (artifact id: '670a94b3201694ba72d93a2c537c7367') in 0.004590 seconds 
  Import took 0.010325 seconds .

========================================================================
Received Import Request.
  Time since last request: 1.251151 seconds.
  path: Assets/Scenes/Informacao.unity
  artifactKey: Guid(e5ccc8bebe5c0a14b9af2df2aa651ae3) Importer(815301076,1909f56bfc062723c751e8b465ee728b)
Start importing Assets/Scenes/Informacao.unity using Guid(e5ccc8bebe5c0a14b9af2df2aa651ae3) Importer(815301076,1909f56bfc062723c751e8b465ee728b)  -> (artifact id: '50f1026f704781425f14cc8b9a1073d1') in 0.003993 seconds 
  Import took 0.009418 seconds .

========================================================================
Received Import Request.
  Time since last request: 186.024621 seconds.
  path: Assets/Scenes/Comodos.unity
  artifactKey: Guid(d40a5638eeceecc4c8048d7114aaf6a4) Importer(815301076,1909f56bfc062723c751e8b465ee728b)
Start importing Assets/Scenes/Comodos.unity using Guid(d40a5638eeceecc4c8048d7114aaf6a4) Importer(815301076,1909f56bfc062723c751e8b465ee728b)  -> (artifact id: 'd147479c012bafa3796de16642447771') in 0.008643 seconds 
  Import took 0.015025 seconds .

========================================================================
Received Prepare
Registering precompiled user dll's ...
Registered in 0.007664 seconds.
Begin MonoManager ReloadAssembly
Native extension for WindowsStandalone target not found
Refreshing native plugins compatible for Editor in 0.94 ms, found 3 plugins.
Preloading 0 native plugins for Editor in 0.00 ms.
Mono: successfully reloaded assembly
- Completed reload, in  1.545 seconds
Domain Reload Profiling:
	ReloadAssembly (1546ms)
		BeginReloadAssembly (171ms)
			ExecutionOrderSort (0ms)
			DisableScriptedObjects (8ms)
			BackupInstance (0ms)
			ReleaseScriptingObjects (0ms)
			CreateAndSetChildDomain (47ms)
		EndReloadAssembly (1283ms)
			LoadAssemblies (133ms)
			RebuildTransferFunctionScriptingTraits (0ms)
			SetupTypeCache (442ms)
			ReleaseScriptCaches (2ms)
			RebuildScriptCaches (75ms)
			SetupLoadedEditorAssemblies (445ms)
				LogAssemblyErrors (0ms)
				InitializePlatformSupportModulesInManaged (10ms)
				SetLoadedEditorAssemblies (1ms)
				RefreshPlugins (1ms)
				BeforeProcessingInitializeOnLoad (119ms)
				ProcessInitializeOnLoadAttributes (286ms)
				ProcessInitializeOnLoadMethodAttributes (16ms)
				AfterProcessingInitializeOnLoad (12ms)
				EditorAssembliesLoaded (0ms)
			ExecutionOrderSort2 (0ms)
			AwakeInstancesAfterBackupRestoration (12ms)
Platform modules already initialized, skipping
Switching build target platform(19) subTarget(0) extendedPlatform(0) -> platform(13) subTarget(537395200) extendedPlatform(0)
Refreshing native plugins compatible for Editor in 0.91 ms, found 3 plugins.
Preloading 0 native plugins for Editor in 0.00 ms.
Unloading 2346 Unused Serialized files (Serialized files now loaded: 0)
System memory in use before: 106.5 MB.
System memory in use after: 106.8 MB.

Unloading 17 unused Assets to reduce memory usage. Loaded Objects now: 2881.
Total: 4.551200 ms (FindLiveObjects: 0.302000 ms CreateObjectMapping: 0.120800 ms MarkObjects: 4.094400 ms  DeleteObjects: 0.031800 ms)

AssetImportParameters requested are different than current active one (requested -> active):
  custom:framework-win-MediaFoundation: 216162199b28c13a410421893ffa2e32 -> 
  custom:video-decoder-ogg-theora: a1e56fd34408186e4bbccfd4996cb3dc -> 
  custom:container-muxer-webm: aa71ff27fc2769a1b78a27578f13a17b -> 
  custom:container-demuxer-webm: 4f35f7cbe854078d1ac9338744f61a02 -> 
  custom:container-demuxer-ogg: 62fdf1f143b41e24485cea50d1cbac27 -> 
  custom:video-encoder-webm-vp8: eb34c28f22e8b96e1ab97ce403110664 -> 
  custom:video-decoder-webm-vp8: 9c59270c3fd7afecdb556c50c9e8de78 -> 
  custom:graphics/normal-map-encoding: 01000000000000000000000000000000 -> 02000000000000000000000000000000
  custom:audio-decoder-ogg-vorbis: bf7c407c2cedff20999df2af8eb42d56 -> 
  custom:audio-encoder-webm-vorbis: bf7c407c2cedff20999df2af8eb42d56 -> 
========================================================================
Received Prepare
Registering precompiled user dll's ...
Registered in 0.007531 seconds.
Begin MonoManager ReloadAssembly
Native extension for WindowsStandalone target not found
Refreshing native plugins compatible for Editor in 0.89 ms, found 3 plugins.
Preloading 0 native plugins for Editor in 0.00 ms.
Mono: successfully reloaded assembly
- Completed reload, in  1.472 seconds
Domain Reload Profiling:
	ReloadAssembly (1473ms)
		BeginReloadAssembly (152ms)
			ExecutionOrderSort (0ms)
			DisableScriptedObjects (9ms)
			BackupInstance (0ms)
			ReleaseScriptingObjects (0ms)
			CreateAndSetChildDomain (46ms)
		EndReloadAssembly (1230ms)
			LoadAssemblies (133ms)
			RebuildTransferFunctionScriptingTraits (0ms)
			SetupTypeCache (420ms)
			ReleaseScriptCaches (2ms)
			RebuildScriptCaches (72ms)
			SetupLoadedEditorAssemblies (412ms)
				LogAssemblyErrors (0ms)
				InitializePlatformSupportModulesInManaged (6ms)
				SetLoadedEditorAssemblies (1ms)
				RefreshPlugins (1ms)
				BeforeProcessingInitializeOnLoad (104ms)
				ProcessInitializeOnLoadAttributes (271ms)
				ProcessInitializeOnLoadMethodAttributes (16ms)
				AfterProcessingInitializeOnLoad (12ms)
				EditorAssembliesLoaded (0ms)
			ExecutionOrderSort2 (0ms)
			AwakeInstancesAfterBackupRestoration (12ms)
Platform modules already initialized, skipping
Switching build target platform(19) subTarget(0) extendedPlatform(0) -> platform(13) subTarget(537395200) extendedPlatform(0)
Refreshing native plugins compatible for Editor in 0.88 ms, found 3 plugins.
Preloading 0 native plugins for Editor in 0.00 ms.
Unloading 2346 Unused Serialized files (Serialized files now loaded: 0)
System memory in use before: 106.6 MB.
System memory in use after: 106.8 MB.

Unloading 17 unused Assets to reduce memory usage. Loaded Objects now: 2883.
Total: 3.993100 ms (FindLiveObjects: 0.283500 ms CreateObjectMapping: 0.122500 ms MarkObjects: 3.558800 ms  DeleteObjects: 0.026200 ms)

AssetImportParameters requested are different than current active one (requested -> active):
  custom:framework-win-MediaFoundation: 216162199b28c13a410421893ffa2e32 -> 
  custom:video-decoder-ogg-theora: a1e56fd34408186e4bbccfd4996cb3dc -> 
  custom:container-muxer-webm: aa71ff27fc2769a1b78a27578f13a17b -> 
  custom:container-demuxer-webm: 4f35f7cbe854078d1ac9338744f61a02 -> 
  custom:container-demuxer-ogg: 62fdf1f143b41e24485cea50d1cbac27 -> 
  custom:video-encoder-webm-vp8: eb34c28f22e8b96e1ab97ce403110664 -> 
  custom:video-decoder-webm-vp8: 9c59270c3fd7afecdb556c50c9e8de78 -> 
  custom:graphics/normal-map-encoding: 01000000000000000000000000000000 -> 02000000000000000000000000000000
  custom:audio-decoder-ogg-vorbis: bf7c407c2cedff20999df2af8eb42d56 -> 
  custom:audio-encoder-webm-vorbis: bf7c407c2cedff20999df2af8eb42d56 -> 
========================================================================
Received Prepare
Registering precompiled user dll's ...
Registered in 0.009115 seconds.
Begin MonoManager ReloadAssembly
Native extension for WindowsStandalone target not found
Refreshing native plugins compatible for Editor in 1.17 ms, found 3 plugins.
Preloading 0 native plugins for Editor in 0.00 ms.
Mono: successfully reloaded assembly
- Completed reload, in  1.578 seconds
Domain Reload Profiling:
	ReloadAssembly (1578ms)
		BeginReloadAssembly (170ms)
			ExecutionOrderSort (0ms)
			DisableScriptedObjects (9ms)
			BackupInstance (0ms)
			ReleaseScriptingObjects (0ms)
			CreateAndSetChildDomain (51ms)
		EndReloadAssembly (1308ms)
			LoadAssemblies (144ms)
			RebuildTransferFunctionScriptingTraits (0ms)
			SetupTypeCache (435ms)
			ReleaseScriptCaches (2ms)
			RebuildScriptCaches (72ms)
			SetupLoadedEditorAssemblies (436ms)
				LogAssemblyErrors (0ms)
				InitializePlatformSupportModulesInManaged (6ms)
				SetLoadedEditorAssemblies (1ms)
				RefreshPlugins (1ms)
				BeforeProcessingInitializeOnLoad (108ms)
				ProcessInitializeOnLoadAttributes (289ms)
				ProcessInitializeOnLoadMethodAttributes (16ms)
				AfterProcessingInitializeOnLoad (15ms)
				EditorAssembliesLoaded (0ms)
			ExecutionOrderSort2 (0ms)
			AwakeInstancesAfterBackupRestoration (14ms)
Platform modules already initialized, skipping
Switching build target platform(19) subTarget(0) extendedPlatform(0) -> platform(13) subTarget(537395200) extendedPlatform(0)
Refreshing native plugins compatible for Editor in 0.91 ms, found 3 plugins.
Preloading 0 native plugins for Editor in 0.00 ms.
Unloading 2346 Unused Serialized files (Serialized files now loaded: 0)
System memory in use before: 106.5 MB.
System memory in use after: 106.7 MB.

Unloading 17 unused Assets to reduce memory usage. Loaded Objects now: 2885.
Total: 4.642700 ms (FindLiveObjects: 0.286700 ms CreateObjectMapping: 0.120400 ms MarkObjects: 4.189900 ms  DeleteObjects: 0.043900 ms)

AssetImportParameters requested are different than current active one (requested -> active):
  custom:framework-win-MediaFoundation: 216162199b28c13a410421893ffa2e32 -> 
  custom:video-decoder-ogg-theora: a1e56fd34408186e4bbccfd4996cb3dc -> 
  custom:container-muxer-webm: aa71ff27fc2769a1b78a27578f13a17b -> 
  custom:container-demuxer-webm: 4f35f7cbe854078d1ac9338744f61a02 -> 
  custom:container-demuxer-ogg: 62fdf1f143b41e24485cea50d1cbac27 -> 
  custom:video-encoder-webm-vp8: eb34c28f22e8b96e1ab97ce403110664 -> 
  custom:video-decoder-webm-vp8: 9c59270c3fd7afecdb556c50c9e8de78 -> 
  custom:graphics/normal-map-encoding: 01000000000000000000000000000000 -> 02000000000000000000000000000000
  custom:audio-decoder-ogg-vorbis: bf7c407c2cedff20999df2af8eb42d56 -> 
  custom:audio-encoder-webm-vorbis: bf7c407c2cedff20999df2af8eb42d56 -> 
========================================================================
Received Import Request.
  Time since last request: 161.840988 seconds.
  path: Assets/Scenes/Comodos.unity
  artifactKey: Guid(d40a5638eeceecc4c8048d7114aaf6a4) Importer(815301076,1909f56bfc062723c751e8b465ee728b)
Start importing Assets/Scenes/Comodos.unity using Guid(d40a5638eeceecc4c8048d7114aaf6a4) Importer(815301076,1909f56bfc062723c751e8b465ee728b)  -> (artifact id: '6b6de3221e733c615ab4d7e22b4441d2') in 0.021876 seconds 
  Import took 0.029108 seconds .

========================================================================
Received Prepare
Refreshing native plugins compatible for Editor in 7.21 ms, found 3 plugins.
Preloading 0 native plugins for Editor in 0.00 ms.
Unloading 16 Unused Serialized files (Serialized files now loaded: 0)
System memory in use before: 60.7 MB.
System memory in use after: 60.9 MB.

Unloading 15 unused Assets to reduce memory usage. Loaded Objects now: 2885.
Total: 5.735000 ms (FindLiveObjects: 0.370700 ms CreateObjectMapping: 0.164000 ms MarkObjects: 5.165900 ms  DeleteObjects: 0.031500 ms)

AssetImportParameters requested are different than current active one (requested -> active):
  custom:framework-win-MediaFoundation: 216162199b28c13a410421893ffa2e32 -> 
  custom:video-decoder-ogg-theora: a1e56fd34408186e4bbccfd4996cb3dc -> 
  custom:container-muxer-webm: aa71ff27fc2769a1b78a27578f13a17b -> 
  custom:container-demuxer-webm: 4f35f7cbe854078d1ac9338744f61a02 -> 
  custom:container-demuxer-ogg: 62fdf1f143b41e24485cea50d1cbac27 -> 
  custom:video-encoder-webm-vp8: eb34c28f22e8b96e1ab97ce403110664 -> 
  custom:video-decoder-webm-vp8: 9c59270c3fd7afecdb556c50c9e8de78 -> 
  custom:audio-decoder-ogg-vorbis: bf7c407c2cedff20999df2af8eb42d56 -> 
  custom:audio-encoder-webm-vorbis: bf7c407c2cedff20999df2af8eb42d56 -> 
========================================================================
Received Import Request.
  Time since last request: 1180.870971 seconds.
  path: Assets/Scenes/SampleScene.unity
  artifactKey: Guid(2cda990e2423bbf4892e6590ba056729) Importer(815301076,1909f56bfc062723c751e8b465ee728b)
Start importing Assets/Scenes/SampleScene.unity using Guid(2cda990e2423bbf4892e6590ba056729) Importer(815301076,1909f56bfc062723c751e8b465ee728b)  -> (artifact id: 'e3384de91de18d4b1379e3ef9fc6ecab') in 0.011330 seconds 
  Import took 0.018532 seconds .

========================================================================
Received Import Request.
  Time since last request: 288.356336 seconds.
  path: Assets/Scenes/Comodos.unity
  artifactKey: Guid(d40a5638eeceecc4c8048d7114aaf6a4) Importer(815301076,1909f56bfc062723c751e8b465ee728b)
Start importing Assets/Scenes/Comodos.unity using Guid(d40a5638eeceecc4c8048d7114aaf6a4) Importer(815301076,1909f56bfc062723c751e8b465ee728b)  -> (artifact id: '42f9133711408a81a764bef596ad33d8') in 0.011652 seconds 
  Import took 0.053451 seconds .

========================================================================
Received Import Request.
  Time since last request: 30.359999 seconds.
  path: Assets/Scenes/SampleScene.unity
  artifactKey: Guid(2cda990e2423bbf4892e6590ba056729) Importer(815301076,1909f56bfc062723c751e8b465ee728b)
Start importing Assets/Scenes/SampleScene.unity using Guid(2cda990e2423bbf4892e6590ba056729) Importer(815301076,1909f56bfc062723c751e8b465ee728b)  -> (artifact id: '9c7e231b276cc26b588eb659253edc3a') in 0.010874 seconds 
  Import took 0.032793 seconds .

========================================================================
Received Import Request.
  Time since last request: 28.209009 seconds.
  path: Assets/Scenes/Menu.unity
  artifactKey: Guid(b683eb8fd86d3534cbfe6f0f44088df1) Importer(815301076,1909f56bfc062723c751e8b465ee728b)
Start importing Assets/Scenes/Menu.unity using Guid(b683eb8fd86d3534cbfe6f0f44088df1) Importer(815301076,1909f56bfc062723c751e8b465ee728b)  -> (artifact id: '12a9b99687e88ca679102131c01f0691') in 0.010920 seconds 
  Import took 0.094099 seconds .

========================================================================
Received Prepare
Refreshing native plugins compatible for Editor in 7.02 ms, found 3 plugins.
Preloading 0 native plugins for Editor in 0.00 ms.
Unloading 16 Unused Serialized files (Serialized files now loaded: 0)
System memory in use before: 60.7 MB.
System memory in use after: 60.9 MB.

Unloading 15 unused Assets to reduce memory usage. Loaded Objects now: 2885.
Total: 5.635700 ms (FindLiveObjects: 0.302300 ms CreateObjectMapping: 0.116100 ms MarkObjects: 5.181900 ms  DeleteObjects: 0.033100 ms)

AssetImportParameters requested are different than current active one (requested -> active):
  custom:framework-win-MediaFoundation: 216162199b28c13a410421893ffa2e32 -> 
  custom:video-decoder-ogg-theora: a1e56fd34408186e4bbccfd4996cb3dc -> 
  custom:container-muxer-webm: aa71ff27fc2769a1b78a27578f13a17b -> 
  custom:container-demuxer-webm: 4f35f7cbe854078d1ac9338744f61a02 -> 
  custom:container-demuxer-ogg: 62fdf1f143b41e24485cea50d1cbac27 -> 
  custom:video-encoder-webm-vp8: eb34c28f22e8b96e1ab97ce403110664 -> 
  custom:video-decoder-webm-vp8: 9c59270c3fd7afecdb556c50c9e8de78 -> 
  custom:audio-decoder-ogg-vorbis: bf7c407c2cedff20999df2af8eb42d56 -> 
  custom:audio-encoder-webm-vorbis: bf7c407c2cedff20999df2af8eb42d56 -> 
========================================================================
Received Import Request.
  Time since last request: 1454.583086 seconds.
  path: Assets/Scenes/SampleScene.unity
  artifactKey: Guid(2cda990e2423bbf4892e6590ba056729) Importer(815301076,1909f56bfc062723c751e8b465ee728b)
Start importing Assets/Scenes/SampleScene.unity using Guid(2cda990e2423bbf4892e6590ba056729) Importer(815301076,1909f56bfc062723c751e8b465ee728b)  -> (artifact id: '7ed4adbb492b14b3445460a1678a00f9') in 0.013079 seconds 
  Import took 0.038579 seconds .

========================================================================
Received Prepare
Refreshing native plugins compatible for Editor in 7.00 ms, found 3 plugins.
Preloading 0 native plugins for Editor in 0.00 ms.
Unloading 16 Unused Serialized files (Serialized files now loaded: 0)
System memory in use before: 60.7 MB.
System memory in use after: 60.9 MB.

Unloading 15 unused Assets to reduce memory usage. Loaded Objects now: 2885.
Total: 5.588800 ms (FindLiveObjects: 0.300600 ms CreateObjectMapping: 0.138700 ms MarkObjects: 5.094500 ms  DeleteObjects: 0.053100 ms)

AssetImportParameters requested are different than current active one (requested -> active):
  custom:framework-win-MediaFoundation: 216162199b28c13a410421893ffa2e32 -> 
  custom:video-decoder-ogg-theora: a1e56fd34408186e4bbccfd4996cb3dc -> 
  custom:container-muxer-webm: aa71ff27fc2769a1b78a27578f13a17b -> 
  custom:container-demuxer-webm: 4f35f7cbe854078d1ac9338744f61a02 -> 
  custom:container-demuxer-ogg: 62fdf1f143b41e24485cea50d1cbac27 -> 
  custom:video-encoder-webm-vp8: eb34c28f22e8b96e1ab97ce403110664 -> 
  custom:video-decoder-webm-vp8: 9c59270c3fd7afecdb556c50c9e8de78 -> 
  custom:audio-decoder-ogg-vorbis: bf7c407c2cedff20999df2af8eb42d56 -> 
  custom:audio-encoder-webm-vorbis: bf7c407c2cedff20999df2af8eb42d56 -> 
========================================================================
Received Import Request.
  Time since last request: 1410.960120 seconds.
  path: Assets/Scenes/SampleScene.unity
  artifactKey: Guid(2cda990e2423bbf4892e6590ba056729) Importer(815301076,1909f56bfc062723c751e8b465ee728b)
Start importing Assets/Scenes/SampleScene.unity using Guid(2cda990e2423bbf4892e6590ba056729) Importer(815301076,1909f56bfc062723c751e8b465ee728b)  -> (artifact id: '0ae41a92739f7f1a21a6ae901cacdcda') in 0.012191 seconds 
  Import took 0.034372 seconds .

========================================================================
Received Prepare
Refreshing native plugins compatible for Editor in 13.98 ms, found 3 plugins.
Preloading 0 native plugins for Editor in 0.00 ms.
Unloading 16 Unused Serialized files (Serialized files now loaded: 0)
System memory in use before: 60.7 MB.
System memory in use after: 60.9 MB.

Unloading 15 unused Assets to reduce memory usage. Loaded Objects now: 2885.
Total: 8.984700 ms (FindLiveObjects: 0.602100 ms CreateObjectMapping: 0.256000 ms MarkObjects: 8.080500 ms  DeleteObjects: 0.042900 ms)

AssetImportParameters requested are different than current active one (requested -> active):
  custom:framework-win-MediaFoundation: 216162199b28c13a410421893ffa2e32 -> 
  custom:video-decoder-ogg-theora: a1e56fd34408186e4bbccfd4996cb3dc -> 
  custom:container-muxer-webm: aa71ff27fc2769a1b78a27578f13a17b -> 
  custom:container-demuxer-webm: 4f35f7cbe854078d1ac9338744f61a02 -> 
  custom:container-demuxer-ogg: 62fdf1f143b41e24485cea50d1cbac27 -> 
  custom:video-encoder-webm-vp8: eb34c28f22e8b96e1ab97ce403110664 -> 
  custom:video-decoder-webm-vp8: 9c59270c3fd7afecdb556c50c9e8de78 -> 
  custom:audio-decoder-ogg-vorbis: bf7c407c2cedff20999df2af8eb42d56 -> 
  custom:audio-encoder-webm-vorbis: bf7c407c2cedff20999df2af8eb42d56 -> 
========================================================================
Received Import Request.
  Time since last request: 936.117853 seconds.
  path: Assets/Scenes/Menu.unity
  artifactKey: Guid(b683eb8fd86d3534cbfe6f0f44088df1) Importer(815301076,1909f56bfc062723c751e8b465ee728b)
Start importing Assets/Scenes/Menu.unity using Guid(b683eb8fd86d3534cbfe6f0f44088df1) Importer(815301076,1909f56bfc062723c751e8b465ee728b)  -> (artifact id: '48a9ee3bc11777cb67f8712bbc2acdf5') in 0.012004 seconds 
  Import took 0.038995 seconds .

========================================================================
Received Import Request.
  Time since last request: 126.207851 seconds.
  path: Assets/Scenes/sala.unity
  artifactKey: Guid(2cb1bc21560000448b5364873c4967bf) Importer(815301076,1909f56bfc062723c751e8b465ee728b)
Start importing Assets/Scenes/sala.unity using Guid(2cb1bc21560000448b5364873c4967bf) Importer(815301076,1909f56bfc062723c751e8b465ee728b)  -> (artifact id: '77389861a1fcfe1ca32ae5ff6f976b35') in 0.043211 seconds 
  Import took 0.059226 seconds .

========================================================================
Received Import Request.
  Time since last request: 26.319139 seconds.
  path: Assets/Scenes/SampleScene.unity
  artifactKey: Guid(2cda990e2423bbf4892e6590ba056729) Importer(815301076,1909f56bfc062723c751e8b465ee728b)
Start importing Assets/Scenes/SampleScene.unity using Guid(2cda990e2423bbf4892e6590ba056729) Importer(815301076,1909f56bfc062723c751e8b465ee728b)  -> (artifact id: '6fda1b1ce10e4f64a9ccc9f745c2273d') in 0.007390 seconds 
  Import took 0.035385 seconds .

========================================================================
Received Import Request.
  Time since last request: 338.665781 seconds.
  path: Assets/Scenes/SampleScene.unity
  artifactKey: Guid(2cda990e2423bbf4892e6590ba056729) Importer(815301076,1909f56bfc062723c751e8b465ee728b)
Start importing Assets/Scenes/SampleScene.unity using Guid(2cda990e2423bbf4892e6590ba056729) Importer(815301076,1909f56bfc062723c751e8b465ee728b)  -> (artifact id: '7843bd4fb53cbc83ca6af79125c6882d') in 0.005874 seconds 
  Import took 0.028086 seconds .

========================================================================
Received Import Request.
  Time since last request: 120.594323 seconds.
  path: Assets/Scenes/Comodos.unity
  artifactKey: Guid(d40a5638eeceecc4c8048d7114aaf6a4) Importer(815301076,1909f56bfc062723c751e8b465ee728b)
Start importing Assets/Scenes/Comodos.unity using Guid(d40a5638eeceecc4c8048d7114aaf6a4) Importer(815301076,1909f56bfc062723c751e8b465ee728b)  -> (artifact id: 'fb0406461a547903278e9a277b78a98f') in 0.011735 seconds 
  Import took 0.048371 seconds .

========================================================================
Received Import Request.
  Time since last request: 143.174761 seconds.
  path: Assets/Scenes/Menu.unity
  artifactKey: Guid(b683eb8fd86d3534cbfe6f0f44088df1) Importer(815301076,1909f56bfc062723c751e8b465ee728b)
Start importing Assets/Scenes/Menu.unity using Guid(b683eb8fd86d3534cbfe6f0f44088df1) Importer(815301076,1909f56bfc062723c751e8b465ee728b)  -> (artifact id: 'c157bc2921ee9bfdd36d51e453b6bcfd') in 0.006964 seconds 
  Import took 0.040468 seconds .

========================================================================
Received Import Request.
  Time since last request: 5.126817 seconds.
  path: Assets/Scenes/Comodos.unity
  artifactKey: Guid(d40a5638eeceecc4c8048d7114aaf6a4) Importer(815301076,1909f56bfc062723c751e8b465ee728b)
Start importing Assets/Scenes/Comodos.unity using Guid(d40a5638eeceecc4c8048d7114aaf6a4) Importer(815301076,1909f56bfc062723c751e8b465ee728b)  -> (artifact id: 'cb347b80b8e572496871c7454c9c194e') in 0.005419 seconds 
  Import took 0.022519 seconds .

========================================================================
Received Prepare
Refreshing native plugins compatible for Editor in 7.96 ms, found 3 plugins.
Preloading 0 native plugins for Editor in 0.00 ms.
Unloading 16 Unused Serialized files (Serialized files now loaded: 0)
System memory in use before: 60.7 MB.
System memory in use after: 60.9 MB.

Unloading 15 unused Assets to reduce memory usage. Loaded Objects now: 2885.
Total: 5.961600 ms (FindLiveObjects: 0.311800 ms CreateObjectMapping: 0.123200 ms MarkObjects: 5.243900 ms  DeleteObjects: 0.280700 ms)

AssetImportParameters requested are different than current active one (requested -> active):
  custom:framework-win-MediaFoundation: 216162199b28c13a410421893ffa2e32 -> 
  custom:video-decoder-ogg-theora: a1e56fd34408186e4bbccfd4996cb3dc -> 
  custom:container-muxer-webm: aa71ff27fc2769a1b78a27578f13a17b -> 
  custom:container-demuxer-webm: 4f35f7cbe854078d1ac9338744f61a02 -> 
  custom:container-demuxer-ogg: 62fdf1f143b41e24485cea50d1cbac27 -> 
  custom:video-encoder-webm-vp8: eb34c28f22e8b96e1ab97ce403110664 -> 
  custom:video-decoder-webm-vp8: 9c59270c3fd7afecdb556c50c9e8de78 -> 
  custom:audio-decoder-ogg-vorbis: bf7c407c2cedff20999df2af8eb42d56 -> 
  custom:audio-encoder-webm-vorbis: bf7c407c2cedff20999df2af8eb42d56 -> 
========================================================================
Received Import Request.
  Time since last request: 1440.395936 seconds.
  path: Assets/Scenes/Comodos.unity
  artifactKey: Guid(d40a5638eeceecc4c8048d7114aaf6a4) Importer(815301076,1909f56bfc062723c751e8b465ee728b)
Start importing Assets/Scenes/Comodos.unity using Guid(d40a5638eeceecc4c8048d7114aaf6a4) Importer(815301076,1909f56bfc062723c751e8b465ee728b)  -> (artifact id: '27adce01fc9c7a787bab04c4ab192d14') in 0.006328 seconds 
  Import took 0.012514 seconds .

========================================================================
Received Import Request.
  Time since last request: 380.589359 seconds.
  path: Assets/Design/cozinha
  artifactKey: Guid(c8f53bdf4b7347948a62add11c32d0c0) Importer(815301076,1909f56bfc062723c751e8b465ee728b)
Start importing Assets/Design/cozinha using Guid(c8f53bdf4b7347948a62add11c32d0c0) Importer(815301076,1909f56bfc062723c751e8b465ee728b)  -> (artifact id: '9dea9d9babf3f4339b314357b1092e8c') in 0.033818 seconds 
  Import took 0.050057 seconds .

========================================================================
Received Prepare
Registering precompiled user dll's ...
Registered in 0.008076 seconds.
Begin MonoManager ReloadAssembly
Native extension for WindowsStandalone target not found
Refreshing native plugins compatible for Editor in 0.96 ms, found 3 plugins.
Preloading 0 native plugins for Editor in 0.00 ms.
Mono: successfully reloaded assembly
- Completed reload, in  1.775 seconds
Domain Reload Profiling:
	ReloadAssembly (1777ms)
		BeginReloadAssembly (266ms)
			ExecutionOrderSort (0ms)
			DisableScriptedObjects (18ms)
			BackupInstance (0ms)
			ReleaseScriptingObjects (0ms)
			CreateAndSetChildDomain (106ms)
		EndReloadAssembly (1406ms)
			LoadAssemblies (154ms)
			RebuildTransferFunctionScriptingTraits (0ms)
			SetupTypeCache (456ms)
			ReleaseScriptCaches (2ms)
			RebuildScriptCaches (76ms)
			SetupLoadedEditorAssemblies (470ms)
				LogAssemblyErrors (0ms)
				InitializePlatformSupportModulesInManaged (7ms)
				SetLoadedEditorAssemblies (1ms)
				RefreshPlugins (1ms)
				BeforeProcessingInitializeOnLoad (111ms)
				ProcessInitializeOnLoadAttributes (320ms)
				ProcessInitializeOnLoadMethodAttributes (17ms)
				AfterProcessingInitializeOnLoad (13ms)
				EditorAssembliesLoaded (0ms)
			ExecutionOrderSort2 (0ms)
			AwakeInstancesAfterBackupRestoration (12ms)
Platform modules already initialized, skipping
Switching build target platform(19) subTarget(0) extendedPlatform(0) -> platform(13) subTarget(537395200) extendedPlatform(0)
Refreshing native plugins compatible for Editor in 0.89 ms, found 3 plugins.
Preloading 0 native plugins for Editor in 0.00 ms.
Unloading 2346 Unused Serialized files (Serialized files now loaded: 0)
System memory in use before: 106.7 MB.
System memory in use after: 106.9 MB.

Unloading 17 unused Assets to reduce memory usage. Loaded Objects now: 2887.
Total: 4.402800 ms (FindLiveObjects: 0.303600 ms CreateObjectMapping: 0.129300 ms MarkObjects: 3.847200 ms  DeleteObjects: 0.120300 ms)

AssetImportParameters requested are different than current active one (requested -> active):
  custom:framework-win-MediaFoundation: 216162199b28c13a410421893ffa2e32 -> 
  custom:video-decoder-ogg-theora: a1e56fd34408186e4bbccfd4996cb3dc -> 
  custom:container-muxer-webm: aa71ff27fc2769a1b78a27578f13a17b -> 
  custom:container-demuxer-webm: 4f35f7cbe854078d1ac9338744f61a02 -> 
  custom:container-demuxer-ogg: 62fdf1f143b41e24485cea50d1cbac27 -> 
  custom:video-encoder-webm-vp8: eb34c28f22e8b96e1ab97ce403110664 -> 
  custom:video-decoder-webm-vp8: 9c59270c3fd7afecdb556c50c9e8de78 -> 
  custom:graphics/normal-map-encoding: 01000000000000000000000000000000 -> 02000000000000000000000000000000
  custom:audio-decoder-ogg-vorbis: bf7c407c2cedff20999df2af8eb42d56 -> 
  custom:audio-encoder-webm-vorbis: bf7c407c2cedff20999df2af8eb42d56 -> 
========================================================================
Received Prepare
Registering precompiled user dll's ...
Registered in 0.011534 seconds.
Begin MonoManager ReloadAssembly
Native extension for WindowsStandalone target not found
Refreshing native plugins compatible for Editor in 1.00 ms, found 3 plugins.
Preloading 0 native plugins for Editor in 0.00 ms.
Mono: successfully reloaded assembly
- Completed reload, in  1.738 seconds
Domain Reload Profiling:
	ReloadAssembly (1739ms)
		BeginReloadAssembly (204ms)
			ExecutionOrderSort (0ms)
			DisableScriptedObjects (9ms)
			BackupInstance (0ms)
			ReleaseScriptingObjects (0ms)
			CreateAndSetChildDomain (46ms)
		EndReloadAssembly (1388ms)
			LoadAssemblies (176ms)
			RebuildTransferFunctionScriptingTraits (0ms)
			SetupTypeCache (459ms)
			ReleaseScriptCaches (2ms)
			RebuildScriptCaches (74ms)
			SetupLoadedEditorAssemblies (452ms)
				LogAssemblyErrors (0ms)
				InitializePlatformSupportModulesInManaged (7ms)
				SetLoadedEditorAssemblies (1ms)
				RefreshPlugins (1ms)
				BeforeProcessingInitializeOnLoad (109ms)
				ProcessInitializeOnLoadAttributes (305ms)
				ProcessInitializeOnLoadMethodAttributes (17ms)
				AfterProcessingInitializeOnLoad (13ms)
				EditorAssembliesLoaded (0ms)
			ExecutionOrderSort2 (0ms)
			AwakeInstancesAfterBackupRestoration (13ms)
Platform modules already initialized, skipping
Switching build target platform(19) subTarget(0) extendedPlatform(0) -> platform(13) subTarget(537395200) extendedPlatform(0)
Refreshing native plugins compatible for Editor in 0.90 ms, found 3 plugins.
Preloading 0 native plugins for Editor in 0.00 ms.
Unloading 2346 Unused Serialized files (Serialized files now loaded: 0)
System memory in use before: 106.7 MB.
System memory in use after: 106.9 MB.

Unloading 17 unused Assets to reduce memory usage. Loaded Objects now: 2889.
Total: 3.967300 ms (FindLiveObjects: 0.283000 ms CreateObjectMapping: 0.124000 ms MarkObjects: 3.533800 ms  DeleteObjects: 0.024700 ms)

AssetImportParameters requested are different than current active one (requested -> active):
  custom:framework-win-MediaFoundation: 216162199b28c13a410421893ffa2e32 -> 
  custom:video-decoder-ogg-theora: a1e56fd34408186e4bbccfd4996cb3dc -> 
  custom:container-muxer-webm: aa71ff27fc2769a1b78a27578f13a17b -> 
  custom:container-demuxer-webm: 4f35f7cbe854078d1ac9338744f61a02 -> 
  custom:container-demuxer-ogg: 62fdf1f143b41e24485cea50d1cbac27 -> 
  custom:video-encoder-webm-vp8: eb34c28f22e8b96e1ab97ce403110664 -> 
  custom:video-decoder-webm-vp8: 9c59270c3fd7afecdb556c50c9e8de78 -> 
  custom:graphics/normal-map-encoding: 01000000000000000000000000000000 -> 02000000000000000000000000000000
  custom:audio-decoder-ogg-vorbis: bf7c407c2cedff20999df2af8eb42d56 -> 
  custom:audio-encoder-webm-vorbis: bf7c407c2cedff20999df2af8eb42d56 -> 
========================================================================
Received Import Request.
  Time since last request: 367.177410 seconds.
  path: Assets/Scenes/Comodos.unity
  artifactKey: Guid(d40a5638eeceecc4c8048d7114aaf6a4) Importer(815301076,1909f56bfc062723c751e8b465ee728b)
Start importing Assets/Scenes/Comodos.unity using Guid(d40a5638eeceecc4c8048d7114aaf6a4) Importer(815301076,1909f56bfc062723c751e8b465ee728b)  -> (artifact id: 'a049477297a49d73758a9645ca387a96') in 0.031552 seconds 
  Import took 0.038593 seconds .

========================================================================
Received Import Request.
  Time since last request: 118.779307 seconds.
  path: Assets/Scenes/lavanderia.unity
  artifactKey: Guid(5ae5892c24b01e443bb98cb94397013e) Importer(815301076,1909f56bfc062723c751e8b465ee728b)
Start importing Assets/Scenes/lavanderia.unity using Guid(5ae5892c24b01e443bb98cb94397013e) Importer(815301076,1909f56bfc062723c751e8b465ee728b)  -> (artifact id: 'd8a834b56da86456609f34ecb4947bbc') in 0.019335 seconds 
  Import took 0.039334 seconds .

========================================================================
Received Import Request.
  Time since last request: 46.342959 seconds.
  path: Assets/Scenes/Parabens.unity
  artifactKey: Guid(5d99f069f21d24941a0a23b31ac047f4) Importer(815301076,1909f56bfc062723c751e8b465ee728b)
Start importing Assets/Scenes/Parabens.unity using Guid(5d99f069f21d24941a0a23b31ac047f4) Importer(815301076,1909f56bfc062723c751e8b465ee728b)  -> (artifact id: '575c1284392bffbfb8ed0970bee7a838') in 0.014331 seconds 
  Import took 0.033176 seconds .

========================================================================
Received Import Request.
  Time since last request: 25.898590 seconds.
  path: Assets/Scenes/sala.unity
  artifactKey: Guid(2cb1bc21560000448b5364873c4967bf) Importer(815301076,1909f56bfc062723c751e8b465ee728b)
Start importing Assets/Scenes/sala.unity using Guid(2cb1bc21560000448b5364873c4967bf) Importer(815301076,1909f56bfc062723c751e8b465ee728b)  -> (artifact id: '94393240f89da48626982e0863e8d4c6') in 0.012020 seconds 
  Import took 0.025125 seconds .

========================================================================
Received Import Request.
  Time since last request: 119.435518 seconds.
  path: Assets/Scenes/sala.unity
  artifactKey: Guid(2cb1bc21560000448b5364873c4967bf) Importer(815301076,1909f56bfc062723c751e8b465ee728b)
Start importing Assets/Scenes/sala.unity using Guid(2cb1bc21560000448b5364873c4967bf) Importer(815301076,1909f56bfc062723c751e8b465ee728b)  -> (artifact id: '857e16de460508a7e1d9664e1777c89d') in 0.006816 seconds 
  Import took 0.024574 seconds .

========================================================================
Received Import Request.
  Time since last request: 17.885187 seconds.
  path: Assets/Scenes/quarto.unity
  artifactKey: Guid(a35bc449fdb4a1842805cb2912906cf8) Importer(815301076,1909f56bfc062723c751e8b465ee728b)
Start importing Assets/Scenes/quarto.unity using Guid(a35bc449fdb4a1842805cb2912906cf8) Importer(815301076,1909f56bfc062723c751e8b465ee728b)  -> (artifact id: '82b8bdd2c2bdbda0bac04442f0f26cee') in 0.011780 seconds 
  Import took 0.040053 seconds .

========================================================================
Received Import Request.
  Time since last request: 19.923562 seconds.
  path: Assets/Scenes/Menu.unity
  artifactKey: Guid(b683eb8fd86d3534cbfe6f0f44088df1) Importer(815301076,1909f56bfc062723c751e8b465ee728b)
Start importing Assets/Scenes/Menu.unity using Guid(b683eb8fd86d3534cbfe6f0f44088df1) Importer(815301076,1909f56bfc062723c751e8b465ee728b)  -> (artifact id: 'eaa81715e9ac55854463b6682c49a662') in 0.007864 seconds 
  Import took 0.014107 seconds .

========================================================================
Received Import Request.
  Time since last request: 5.805618 seconds.
  path: Assets/Scenes/Comodos.unity
  artifactKey: Guid(d40a5638eeceecc4c8048d7114aaf6a4) Importer(815301076,1909f56bfc062723c751e8b465ee728b)
Start importing Assets/Scenes/Comodos.unity using Guid(d40a5638eeceecc4c8048d7114aaf6a4) Importer(815301076,1909f56bfc062723c751e8b465ee728b)  -> (artifact id: 'ceec55ac23424a9933e9a96e49f2db01') in 0.006921 seconds 
  Import took 0.014571 seconds .

========================================================================
Received Import Request.
  Time since last request: 1.646145 seconds.
  path: Assets/Scenes/cozinha.unity
  artifactKey: Guid(816183e97e45eaf41994c11e21a01f38) Importer(815301076,1909f56bfc062723c751e8b465ee728b)
Start importing Assets/Scenes/cozinha.unity using Guid(816183e97e45eaf41994c11e21a01f38) Importer(815301076,1909f56bfc062723c751e8b465ee728b)  -> (artifact id: 'd720d09418f376643b2ccda5b77d6328') in 0.011129 seconds 
  Import took 0.016879 seconds .

========================================================================
Received Import Request.
  Time since last request: 95.564926 seconds.
  path: Assets/Scenes/sala.unity
  artifactKey: Guid(2cb1bc21560000448b5364873c4967bf) Importer(815301076,1909f56bfc062723c751e8b465ee728b)
Start importing Assets/Scenes/sala.unity using Guid(2cb1bc21560000448b5364873c4967bf) Importer(815301076,1909f56bfc062723c751e8b465ee728b)  -> (artifact id: '3f360c3e3e5e8d9eed8d1abfc17da29f') in 0.005902 seconds 
  Import took 0.011522 seconds .

========================================================================
Received Import Request.
  Time since last request: 89.432914 seconds.
  path: Assets/Scenes/SampleScene.unity
  artifactKey: Guid(2cda990e2423bbf4892e6590ba056729) Importer(815301076,1909f56bfc062723c751e8b465ee728b)
Start importing Assets/Scenes/SampleScene.unity using Guid(2cda990e2423bbf4892e6590ba056729) Importer(815301076,1909f56bfc062723c751e8b465ee728b)  -> (artifact id: '13cb2ff34a902fa4d883b46f2bf6e1a5') in 0.011491 seconds 
  Import took 0.038709 seconds .

========================================================================
Received Prepare
Registering precompiled user dll's ...
Registered in 0.007590 seconds.
Begin MonoManager ReloadAssembly
Native extension for WindowsStandalone target not found
Refreshing native plugins compatible for Editor in 0.93 ms, found 3 plugins.
Preloading 0 native plugins for Editor in 0.00 ms.
Mono: successfully reloaded assembly
- Completed reload, in  1.653 seconds
Domain Reload Profiling:
	ReloadAssembly (1654ms)
		BeginReloadAssembly (162ms)
			ExecutionOrderSort (0ms)
			DisableScriptedObjects (9ms)
			BackupInstance (0ms)
			ReleaseScriptingObjects (0ms)
			CreateAndSetChildDomain (47ms)
		EndReloadAssembly (1395ms)
			LoadAssemblies (145ms)
			RebuildTransferFunctionScriptingTraits (0ms)
			SetupTypeCache (473ms)
			ReleaseScriptCaches (2ms)
			RebuildScriptCaches (75ms)
			SetupLoadedEditorAssemblies (449ms)
				LogAssemblyErrors (0ms)
				InitializePlatformSupportModulesInManaged (7ms)
				SetLoadedEditorAssemblies (1ms)
				RefreshPlugins (1ms)
				BeforeProcessingInitializeOnLoad (120ms)
				ProcessInitializeOnLoadAttributes (292ms)
				ProcessInitializeOnLoadMethodAttributes (16ms)
				AfterProcessingInitializeOnLoad (12ms)
				EditorAssembliesLoaded (0ms)
			ExecutionOrderSort2 (0ms)
			AwakeInstancesAfterBackupRestoration (13ms)
Platform modules already initialized, skipping
Switching build target platform(19) subTarget(0) extendedPlatform(0) -> platform(13) subTarget(537395200) extendedPlatform(0)
Refreshing native plugins compatible for Editor in 0.91 ms, found 3 plugins.
Preloading 0 native plugins for Editor in 0.00 ms.
Unloading 2346 Unused Serialized files (Serialized files now loaded: 0)
System memory in use before: 106.7 MB.
System memory in use after: 107.0 MB.

Unloading 17 unused Assets to reduce memory usage. Loaded Objects now: 2891.
Total: 4.346000 ms (FindLiveObjects: 0.289600 ms CreateObjectMapping: 0.124700 ms MarkObjects: 3.896200 ms  DeleteObjects: 0.033500 ms)

AssetImportParameters requested are different than current active one (requested -> active):
  custom:framework-win-MediaFoundation: 216162199b28c13a410421893ffa2e32 -> 
  custom:video-decoder-ogg-theora: a1e56fd34408186e4bbccfd4996cb3dc -> 
  custom:container-muxer-webm: aa71ff27fc2769a1b78a27578f13a17b -> 
  custom:container-demuxer-webm: 4f35f7cbe854078d1ac9338744f61a02 -> 
  custom:container-demuxer-ogg: 62fdf1f143b41e24485cea50d1cbac27 -> 
  custom:video-encoder-webm-vp8: eb34c28f22e8b96e1ab97ce403110664 -> 
  custom:video-decoder-webm-vp8: 9c59270c3fd7afecdb556c50c9e8de78 -> 
  custom:graphics/normal-map-encoding: 01000000000000000000000000000000 -> 02000000000000000000000000000000
  custom:audio-decoder-ogg-vorbis: bf7c407c2cedff20999df2af8eb42d56 -> 
  custom:audio-encoder-webm-vorbis: bf7c407c2cedff20999df2af8eb42d56 -> 
========================================================================
Received Import Request.
  Time since last request: 25.961036 seconds.
  path: Assets/Scenes/sala.unity
  artifactKey: Guid(2cb1bc21560000448b5364873c4967bf) Importer(815301076,1909f56bfc062723c751e8b465ee728b)
Start importing Assets/Scenes/sala.unity using Guid(2cb1bc21560000448b5364873c4967bf) Importer(815301076,1909f56bfc062723c751e8b465ee728b)  -> (artifact id: '32c1d3742cad101e0c8a54de84213986') in 0.020963 seconds 
  Import took 0.027040 seconds .

========================================================================
Received Import Request.
  Time since last request: 9.421103 seconds.
  path: Assets/Scenes/quarto.unity
  artifactKey: Guid(a35bc449fdb4a1842805cb2912906cf8) Importer(815301076,1909f56bfc062723c751e8b465ee728b)
Start importing Assets/Scenes/quarto.unity using Guid(a35bc449fdb4a1842805cb2912906cf8) Importer(815301076,1909f56bfc062723c751e8b465ee728b)  -> (artifact id: '66afa7362da404ae8acd0a9447b8e83f') in 0.007019 seconds 
  Import took 0.013352 seconds .

========================================================================
Received Import Request.
  Time since last request: 23.378929 seconds.
  path: Assets/Scenes/lavanderia.unity
  artifactKey: Guid(5ae5892c24b01e443bb98cb94397013e) Importer(815301076,1909f56bfc062723c751e8b465ee728b)
Start importing Assets/Scenes/lavanderia.unity using Guid(5ae5892c24b01e443bb98cb94397013e) Importer(815301076,1909f56bfc062723c751e8b465ee728b)  -> (artifact id: '251ae539e21e040a76ed4d479771f58f') in 0.007008 seconds 
  Import took 0.028343 seconds .

========================================================================
Received Import Request.
  Time since last request: 109.901564 seconds.
  path: Assets/Scenes/Informacao.unity
  artifactKey: Guid(e5ccc8bebe5c0a14b9af2df2aa651ae3) Importer(815301076,1909f56bfc062723c751e8b465ee728b)
Start importing Assets/Scenes/Informacao.unity using Guid(e5ccc8bebe5c0a14b9af2df2aa651ae3) Importer(815301076,1909f56bfc062723c751e8b465ee728b)  -> (artifact id: '493dff87e4602c269c8299d67b15af89') in 0.012167 seconds 
  Import took 0.041084 seconds .

========================================================================
Received Import Request.
  Time since last request: 34.100805 seconds.
  path: Assets/Scenes/cozinha.unity
  artifactKey: Guid(816183e97e45eaf41994c11e21a01f38) Importer(815301076,1909f56bfc062723c751e8b465ee728b)
Start importing Assets/Scenes/cozinha.unity using Guid(816183e97e45eaf41994c11e21a01f38) Importer(815301076,1909f56bfc062723c751e8b465ee728b)  -> (artifact id: 'ec85ef5f74563c6e9a52467ba812d610') in 0.007287 seconds 
  Import took 0.012581 seconds .

========================================================================
Received Import Request.
  Time since last request: 15.861265 seconds.
  path: Assets/Scenes/Comodos.unity
  artifactKey: Guid(d40a5638eeceecc4c8048d7114aaf6a4) Importer(815301076,1909f56bfc062723c751e8b465ee728b)
Start importing Assets/Scenes/Comodos.unity using Guid(d40a5638eeceecc4c8048d7114aaf6a4) Importer(815301076,1909f56bfc062723c751e8b465ee728b)  -> (artifact id: '2447df0d161148adb51765f79970132a') in 0.005160 seconds 
  Import took 0.033830 seconds .

========================================================================
Received Prepare
Registering precompiled user dll's ...
Registered in 0.007682 seconds.
Begin MonoManager ReloadAssembly
Native extension for WindowsStandalone target not found
Refreshing native plugins compatible for Editor in 0.91 ms, found 3 plugins.
Preloading 0 native plugins for Editor in 0.00 ms.
Mono: successfully reloaded assembly
- Completed reload, in  1.587 seconds
Domain Reload Profiling:
	ReloadAssembly (1588ms)
		BeginReloadAssembly (168ms)
			ExecutionOrderSort (0ms)
			DisableScriptedObjects (9ms)
			BackupInstance (0ms)
			ReleaseScriptingObjects (0ms)
			CreateAndSetChildDomain (48ms)
		EndReloadAssembly (1323ms)
			LoadAssemblies (141ms)
			RebuildTransferFunctionScriptingTraits (0ms)
			SetupTypeCache (417ms)
			ReleaseScriptCaches (2ms)
			RebuildScriptCaches (77ms)
			SetupLoadedEditorAssemblies (418ms)
				LogAssemblyErrors (0ms)
				InitializePlatformSupportModulesInManaged (6ms)
				SetLoadedEditorAssemblies (1ms)
				RefreshPlugins (1ms)
				BeforeProcessingInitializeOnLoad (108ms)
				ProcessInitializeOnLoadAttributes (274ms)
				ProcessInitializeOnLoadMethodAttributes (16ms)
				AfterProcessingInitializeOnLoad (12ms)
				EditorAssembliesLoaded (0ms)
			ExecutionOrderSort2 (0ms)
			AwakeInstancesAfterBackupRestoration (12ms)
Platform modules already initialized, skipping
Switching build target platform(19) subTarget(0) extendedPlatform(0) -> platform(13) subTarget(537395200) extendedPlatform(0)
Refreshing native plugins compatible for Editor in 0.92 ms, found 3 plugins.
Preloading 0 native plugins for Editor in 0.00 ms.
Unloading 2346 Unused Serialized files (Serialized files now loaded: 0)
System memory in use before: 106.8 MB.
System memory in use after: 107.0 MB.

Unloading 17 unused Assets to reduce memory usage. Loaded Objects now: 2893.
Total: 4.395800 ms (FindLiveObjects: 0.288700 ms CreateObjectMapping: 0.128100 ms MarkObjects: 3.942500 ms  DeleteObjects: 0.034300 ms)

AssetImportParameters requested are different than current active one (requested -> active):
  custom:framework-win-MediaFoundation: 216162199b28c13a410421893ffa2e32 -> 
  custom:video-decoder-ogg-theora: a1e56fd34408186e4bbccfd4996cb3dc -> 
  custom:container-muxer-webm: aa71ff27fc2769a1b78a27578f13a17b -> 
  custom:container-demuxer-webm: 4f35f7cbe854078d1ac9338744f61a02 -> 
  custom:container-demuxer-ogg: 62fdf1f143b41e24485cea50d1cbac27 -> 
  custom:video-encoder-webm-vp8: eb34c28f22e8b96e1ab97ce403110664 -> 
  custom:video-decoder-webm-vp8: 9c59270c3fd7afecdb556c50c9e8de78 -> 
  custom:graphics/normal-map-encoding: 01000000000000000000000000000000 -> 02000000000000000000000000000000
  custom:audio-decoder-ogg-vorbis: bf7c407c2cedff20999df2af8eb42d56 -> 
  custom:audio-encoder-webm-vorbis: bf7c407c2cedff20999df2af8eb42d56 -> 
========================================================================
Received Import Request.
  Time since last request: 539.029299 seconds.
  path: Assets/Scenes/Comodos.unity
  artifactKey: Guid(d40a5638eeceecc4c8048d7114aaf6a4) Importer(815301076,1909f56bfc062723c751e8b465ee728b)
Start importing Assets/Scenes/Comodos.unity using Guid(d40a5638eeceecc4c8048d7114aaf6a4) Importer(815301076,1909f56bfc062723c751e8b465ee728b)  -> (artifact id: '2842444f1d98e91b050a017def0c16e8') in 0.022356 seconds 
  Import took 0.041079 seconds .

========================================================================
Received Prepare
Registering precompiled user dll's ...
Registered in 0.007618 seconds.
Begin MonoManager ReloadAssembly
Native extension for WindowsStandalone target not found
Refreshing native plugins compatible for Editor in 0.92 ms, found 3 plugins.
Preloading 0 native plugins for Editor in 0.00 ms.
Mono: successfully reloaded assembly
- Completed reload, in  1.648 seconds
Domain Reload Profiling:
	ReloadAssembly (1649ms)
		BeginReloadAssembly (168ms)
			ExecutionOrderSort (0ms)
			DisableScriptedObjects (9ms)
			BackupInstance (0ms)
			ReleaseScriptingObjects (0ms)
			CreateAndSetChildDomain (46ms)
		EndReloadAssembly (1375ms)
			LoadAssemblies (149ms)
			RebuildTransferFunctionScriptingTraits (0ms)
			SetupTypeCache (422ms)
			ReleaseScriptCaches (2ms)
			RebuildScriptCaches (78ms)
			SetupLoadedEditorAssemblies (435ms)
				LogAssemblyErrors (0ms)
				InitializePlatformSupportModulesInManaged (7ms)
				SetLoadedEditorAssemblies (1ms)
				RefreshPlugins (1ms)
				BeforeProcessingInitializeOnLoad (109ms)
				ProcessInitializeOnLoadAttributes (289ms)
				ProcessInitializeOnLoadMethodAttributes (16ms)
				AfterProcessingInitializeOnLoad (12ms)
				EditorAssembliesLoaded (0ms)
			ExecutionOrderSort2 (0ms)
			AwakeInstancesAfterBackupRestoration (13ms)
Platform modules already initialized, skipping
Switching build target platform(19) subTarget(0) extendedPlatform(0) -> platform(13) subTarget(537395200) extendedPlatform(0)
Refreshing native plugins compatible for Editor in 1.04 ms, found 3 plugins.
Preloading 0 native plugins for Editor in 0.00 ms.
Unloading 2346 Unused Serialized files (Serialized files now loaded: 0)
System memory in use before: 106.7 MB.
System memory in use after: 106.9 MB.

Unloading 17 unused Assets to reduce memory usage. Loaded Objects now: 2895.
Total: 4.409200 ms (FindLiveObjects: 0.273000 ms CreateObjectMapping: 0.123200 ms MarkObjects: 3.977800 ms  DeleteObjects: 0.033400 ms)

AssetImportParameters requested are different than current active one (requested -> active):
  custom:framework-win-MediaFoundation: 216162199b28c13a410421893ffa2e32 -> 
  custom:video-decoder-ogg-theora: a1e56fd34408186e4bbccfd4996cb3dc -> 
  custom:container-muxer-webm: aa71ff27fc2769a1b78a27578f13a17b -> 
  custom:container-demuxer-webm: 4f35f7cbe854078d1ac9338744f61a02 -> 
  custom:container-demuxer-ogg: 62fdf1f143b41e24485cea50d1cbac27 -> 
  custom:video-encoder-webm-vp8: eb34c28f22e8b96e1ab97ce403110664 -> 
  custom:video-decoder-webm-vp8: 9c59270c3fd7afecdb556c50c9e8de78 -> 
  custom:graphics/normal-map-encoding: 01000000000000000000000000000000 -> 02000000000000000000000000000000
  custom:audio-decoder-ogg-vorbis: bf7c407c2cedff20999df2af8eb42d56 -> 
  custom:audio-encoder-webm-vorbis: bf7c407c2cedff20999df2af8eb42d56 -> 
========================================================================
Received Import Request.
  Time since last request: 9.463060 seconds.
  path: Assets/Scenes/Informacao.unity
  artifactKey: Guid(e5ccc8bebe5c0a14b9af2df2aa651ae3) Importer(815301076,1909f56bfc062723c751e8b465ee728b)
Start importing Assets/Scenes/Informacao.unity using Guid(e5ccc8bebe5c0a14b9af2df2aa651ae3) Importer(815301076,1909f56bfc062723c751e8b465ee728b)  -> (artifact id: 'ff1c5b2e422caf2c70f513da21224bf9') in 0.021597 seconds 
  Import took 0.038316 seconds .

========================================================================
Received Import Request.
  Time since last request: 7.288319 seconds.
  path: Assets/Scenes/Instrucoes.unity
  artifactKey: Guid(aa72b339a6e7067449964690d748062f) Importer(815301076,1909f56bfc062723c751e8b465ee728b)
Start importing Assets/Scenes/Instrucoes.unity using Guid(aa72b339a6e7067449964690d748062f) Importer(815301076,1909f56bfc062723c751e8b465ee728b)  -> (artifact id: 'c440188756fbc6e6affa92f10d7950c5') in 0.014456 seconds 
  Import took 0.040444 seconds .

========================================================================
Received Import Request.
  Time since last request: 6.406917 seconds.
  path: Assets/Scenes/lavanderia.unity
  artifactKey: Guid(5ae5892c24b01e443bb98cb94397013e) Importer(815301076,1909f56bfc062723c751e8b465ee728b)
Start importing Assets/Scenes/lavanderia.unity using Guid(5ae5892c24b01e443bb98cb94397013e) Importer(815301076,1909f56bfc062723c751e8b465ee728b)  -> (artifact id: '9f949ca54e99c29230f192ced6085fc2') in 0.005875 seconds 
  Import took 0.010992 seconds .

========================================================================
Received Import Request.
  Time since last request: 60.435285 seconds.
  path: Assets/Scenes/Menu.unity
  artifactKey: Guid(b683eb8fd86d3534cbfe6f0f44088df1) Importer(815301076,1909f56bfc062723c751e8b465ee728b)
Start importing Assets/Scenes/Menu.unity using Guid(b683eb8fd86d3534cbfe6f0f44088df1) Importer(815301076,1909f56bfc062723c751e8b465ee728b)  -> (artifact id: '28415246de4bd80a4301e5a796dbcafe') in 0.006517 seconds 
  Import took 0.011779 seconds .

========================================================================
Received Import Request.
  Time since last request: 4.028899 seconds.
  path: Assets/Scenes/quarto.unity
  artifactKey: Guid(a35bc449fdb4a1842805cb2912906cf8) Importer(815301076,1909f56bfc062723c751e8b465ee728b)
Start importing Assets/Scenes/quarto.unity using Guid(a35bc449fdb4a1842805cb2912906cf8) Importer(815301076,1909f56bfc062723c751e8b465ee728b)  -> (artifact id: 'e1dcdb1af109814aa1b730a7cd4fbea6') in 0.006107 seconds 
  Import took 0.025472 seconds .

========================================================================
Received Import Request.
  Time since last request: 22.176212 seconds.
  path: Assets/Scenes/lavanderia.unity
  artifactKey: Guid(5ae5892c24b01e443bb98cb94397013e) Importer(815301076,1909f56bfc062723c751e8b465ee728b)
Start importing Assets/Scenes/lavanderia.unity using Guid(5ae5892c24b01e443bb98cb94397013e) Importer(815301076,1909f56bfc062723c751e8b465ee728b)  -> (artifact id: '83a9a14f4256e0a9616dfba99cb74edd') in 0.006797 seconds 
  Import took 0.013042 seconds .

========================================================================
Received Import Request.
  Time since last request: 26.802139 seconds.
  path: Assets/Scenes/quarto.unity
  artifactKey: Guid(a35bc449fdb4a1842805cb2912906cf8) Importer(815301076,1909f56bfc062723c751e8b465ee728b)
Start importing Assets/Scenes/quarto.unity using Guid(a35bc449fdb4a1842805cb2912906cf8) Importer(815301076,1909f56bfc062723c751e8b465ee728b)  -> (artifact id: '6eb06ba139a0fa0ee4e39269740cf0c4') in 0.008742 seconds 
  Import took 0.049906 seconds .

========================================================================
Received Import Request.
  Time since last request: 11.022270 seconds.
  path: Assets/Scenes/quarto.unity
  artifactKey: Guid(a35bc449fdb4a1842805cb2912906cf8) Importer(815301076,1909f56bfc062723c751e8b465ee728b)
Start importing Assets/Scenes/quarto.unity using Guid(a35bc449fdb4a1842805cb2912906cf8) Importer(815301076,1909f56bfc062723c751e8b465ee728b)  -> (artifact id: '0583d88d108701f25b9d6d18322fa669') in 0.004873 seconds 
  Import took 0.027307 seconds .

========================================================================
Received Import Request.
  Time since last request: 20.794791 seconds.
  path: Assets/Scenes/SampleScene.unity
  artifactKey: Guid(2cda990e2423bbf4892e6590ba056729) Importer(815301076,1909f56bfc062723c751e8b465ee728b)
Start importing Assets/Scenes/SampleScene.unity using Guid(2cda990e2423bbf4892e6590ba056729) Importer(815301076,1909f56bfc062723c751e8b465ee728b)  -> (artifact id: '401fac61886dd4c9ca2cf5052d3ce606') in 0.005895 seconds 
  Import took 0.019468 seconds .

========================================================================
Received Import Request.
  Time since last request: 26.572608 seconds.
  path: Assets/Scenes/lavanderia.unity
  artifactKey: Guid(5ae5892c24b01e443bb98cb94397013e) Importer(815301076,1909f56bfc062723c751e8b465ee728b)
Start importing Assets/Scenes/lavanderia.unity using Guid(5ae5892c24b01e443bb98cb94397013e) Importer(815301076,1909f56bfc062723c751e8b465ee728b)  -> (artifact id: 'c5e16b80e42b348c6818591616f07b16') in 0.006081 seconds 
  Import took 0.037394 seconds .

========================================================================
Received Import Request.
  Time since last request: 25.279898 seconds.
  path: Assets/Scenes/cozinha.unity
  artifactKey: Guid(816183e97e45eaf41994c11e21a01f38) Importer(815301076,1909f56bfc062723c751e8b465ee728b)
Start importing Assets/Scenes/cozinha.unity using Guid(816183e97e45eaf41994c11e21a01f38) Importer(815301076,1909f56bfc062723c751e8b465ee728b)  -> (artifact id: '11e7ae9a8c79cae5be4cc6c73cfba0a6') in 0.006220 seconds 
  Import took 0.019199 seconds .

========================================================================
Received Import Request.
  Time since last request: 1.548362 seconds.
  path: Assets/Scenes/Informacao.unity
  artifactKey: Guid(e5ccc8bebe5c0a14b9af2df2aa651ae3) Importer(815301076,1909f56bfc062723c751e8b465ee728b)
Start importing Assets/Scenes/Informacao.unity using Guid(e5ccc8bebe5c0a14b9af2df2aa651ae3) Importer(815301076,1909f56bfc062723c751e8b465ee728b)  -> (artifact id: '3d8099f5af6c72add0ed85d1d9210c59') in 0.006240 seconds 
  Import took 0.022917 seconds .

========================================================================
Received Import Request.
  Time since last request: 19.909287 seconds.
  path: Assets/Scenes/cozinha.unity
  artifactKey: Guid(816183e97e45eaf41994c11e21a01f38) Importer(815301076,1909f56bfc062723c751e8b465ee728b)
Start importing Assets/Scenes/cozinha.unity using Guid(816183e97e45eaf41994c11e21a01f38) Importer(815301076,1909f56bfc062723c751e8b465ee728b)  -> (artifact id: '7c94f7b2571667c9c25c0c02050788aa') in 0.008110 seconds 
  Import took 0.031625 seconds .

========================================================================
Received Import Request.
  Time since last request: 18.307611 seconds.
  path: Assets/Scenes/cozinha.unity
  artifactKey: Guid(816183e97e45eaf41994c11e21a01f38) Importer(815301076,1909f56bfc062723c751e8b465ee728b)
Start importing Assets/Scenes/cozinha.unity using Guid(816183e97e45eaf41994c11e21a01f38) Importer(815301076,1909f56bfc062723c751e8b465ee728b)  -> (artifact id: 'd400f56db8535109d6822a51048ec416') in 0.006105 seconds 
  Import took 0.012252 seconds .

========================================================================
Received Import Request.
  Time since last request: 12.786736 seconds.
  path: Assets/Scenes/cozinha.unity
  artifactKey: Guid(816183e97e45eaf41994c11e21a01f38) Importer(815301076,1909f56bfc062723c751e8b465ee728b)
Start importing Assets/Scenes/cozinha.unity using Guid(816183e97e45eaf41994c11e21a01f38) Importer(815301076,1909f56bfc062723c751e8b465ee728b)  -> (artifact id: '5685b373840081d9a57a6b5e96a012e2') in 0.006237 seconds 
  Import took 0.011656 seconds .

========================================================================
Received Import Request.
  Time since last request: 21.493367 seconds.
  path: Assets/Scenes/Instrucoes.unity
  artifactKey: Guid(aa72b339a6e7067449964690d748062f) Importer(815301076,1909f56bfc062723c751e8b465ee728b)
Start importing Assets/Scenes/Instrucoes.unity using Guid(aa72b339a6e7067449964690d748062f) Importer(815301076,1909f56bfc062723c751e8b465ee728b)  -> (artifact id: '60f3168f1dff359d477ec54cf1e91e30') in 0.006558 seconds 
  Import took 0.020621 seconds .

========================================================================
Received Import Request.
  Time since last request: 16.051777 seconds.
  path: Assets/Scenes/Informacao.unity
  artifactKey: Guid(e5ccc8bebe5c0a14b9af2df2aa651ae3) Importer(815301076,1909f56bfc062723c751e8b465ee728b)
Start importing Assets/Scenes/Informacao.unity using Guid(e5ccc8bebe5c0a14b9af2df2aa651ae3) Importer(815301076,1909f56bfc062723c751e8b465ee728b)  -> (artifact id: 'e3e2b8dbf37c4163b5bf5ac3bf5d4117') in 0.006336 seconds 
  Import took 0.026909 seconds .

========================================================================
Received Import Request.
  Time since last request: 118.410419 seconds.
  path: Assets/Scenes/sala.unity
  artifactKey: Guid(2cb1bc21560000448b5364873c4967bf) Importer(815301076,1909f56bfc062723c751e8b465ee728b)
Start importing Assets/Scenes/sala.unity using Guid(2cb1bc21560000448b5364873c4967bf) Importer(815301076,1909f56bfc062723c751e8b465ee728b)  -> (artifact id: 'fbb730ff282a4a8a480505a31a491633') in 0.008658 seconds 
  Import took 0.041756 seconds .

========================================================================
Received Import Request.
  Time since last request: 1.582728 seconds.
  path: Assets/Scenes/SampleScene.unity
  artifactKey: Guid(2cda990e2423bbf4892e6590ba056729) Importer(815301076,1909f56bfc062723c751e8b465ee728b)
Start importing Assets/Scenes/SampleScene.unity using Guid(2cda990e2423bbf4892e6590ba056729) Importer(815301076,1909f56bfc062723c751e8b465ee728b)  -> (artifact id: '1a3f8c5d4d748f4e243f287bc83f1141') in 0.006856 seconds 
  Import took 0.031142 seconds .

========================================================================
Received Prepare
Refreshing native plugins compatible for Editor in 6.94 ms, found 3 plugins.
Preloading 0 native plugins for Editor in 0.00 ms.
Unloading 16 Unused Serialized files (Serialized files now loaded: 0)
System memory in use before: 61.0 MB.
System memory in use after: 61.2 MB.

Unloading 15 unused Assets to reduce memory usage. Loaded Objects now: 2895.
Total: 5.268200 ms (FindLiveObjects: 0.306000 ms CreateObjectMapping: 0.132000 ms MarkObjects: 4.795800 ms  DeleteObjects: 0.032900 ms)

AssetImportParameters requested are different than current active one (requested -> active):
  custom:framework-win-MediaFoundation: 216162199b28c13a410421893ffa2e32 -> 
  custom:video-decoder-ogg-theora: a1e56fd34408186e4bbccfd4996cb3dc -> 
  custom:container-muxer-webm: aa71ff27fc2769a1b78a27578f13a17b -> 
  custom:container-demuxer-webm: 4f35f7cbe854078d1ac9338744f61a02 -> 
  custom:container-demuxer-ogg: 62fdf1f143b41e24485cea50d1cbac27 -> 
  custom:video-encoder-webm-vp8: eb34c28f22e8b96e1ab97ce403110664 -> 
  custom:video-decoder-webm-vp8: 9c59270c3fd7afecdb556c50c9e8de78 -> 
  custom:audio-decoder-ogg-vorbis: bf7c407c2cedff20999df2af8eb42d56 -> 
  custom:audio-encoder-webm-vorbis: bf7c407c2cedff20999df2af8eb42d56 -> 
========================================================================
Received Import Request.
  Time since last request: 540.259627 seconds.
  path: Assets/Scenes/Menu.unity
  artifactKey: Guid(b683eb8fd86d3534cbfe6f0f44088df1) Importer(815301076,1909f56bfc062723c751e8b465ee728b)
Start importing Assets/Scenes/Menu.unity using Guid(b683eb8fd86d3534cbfe6f0f44088df1) Importer(815301076,1909f56bfc062723c751e8b465ee728b)  -> (artifact id: '24b5d28a68fde19236e59fbfe651f451') in 0.005656 seconds 
  Import took 0.021736 seconds .

========================================================================
Received Import Request.
  Time since last request: 16.296289 seconds.
  path: Assets/Scenes/Parabens.unity
  artifactKey: Guid(5d99f069f21d24941a0a23b31ac047f4) Importer(815301076,1909f56bfc062723c751e8b465ee728b)
Start importing Assets/Scenes/Parabens.unity using Guid(5d99f069f21d24941a0a23b31ac047f4) Importer(815301076,1909f56bfc062723c751e8b465ee728b)  -> (artifact id: 'a91805d729b7e5800b6cf5e12f12de3a') in 0.006497 seconds 
  Import took 0.050336 seconds .

AssetImportWorkerClient::OnTransportError - code=2 error=End of file
